<?xml version="1.0" encoding="UTF-8"?>
<!-- Generated by org.testng.reporters.JUnitReportReporter -->
<testsuite hostname="LAPTOP-7A521AL3" failures="0" tests="1" name="FactoryAnnotationTest1" time="0.006" errors="0" timestamp="2022-06-12T22:59:10 IST" skipped="0">
  <testcase classname="FactoryAnnotationTest1" name="test1" time="0.006"/>
  <system-out/>
</testsuite> <!-- FactoryAnnotationTest1 -->
