<?xml version="1.0" encoding="UTF-8"?>
<!-- Generated by org.testng.reporters.JUnitReportReporter -->
<testsuite hostname="LAPTOP-7A521AL3" failures="0" tests="1" name="FactoryAnnotationTest2" time="0.000" errors="0" timestamp="2022-06-12T22:59:10 IST" skipped="0">
  <testcase classname="FactoryAnnotationTest2" name="test2" time="0.000"/>
  <system-out/>
</testsuite> <!-- FactoryAnnotationTest2 -->
