<?xml version="1.0" encoding="UTF-8"?>
<!-- Generated by org.testng.reporters.JUnitReportReporter -->
<testsuite hostname="Shubha-PC" failures="0" tests="1" name="FactoryAnnotationTest1" time="0.005" errors="0" timestamp="2024-06-04T19:06:41 IST" skipped="0">
  <testcase classname="FactoryAnnotationTest1" name="test1" time="0.005"/>
  <system-out/>
</testsuite> <!-- FactoryAnnotationTest1 -->
